<?xml version="1.1" encoding="UTF-8"?>
<testsuite name="com.im.test.PasswordEncrypterServiceSpec" tests="1" failures="0" errors="0" timestamp="2017-04-22T18:20:45" hostname="priyanka-naik" time="0.182">
  <properties/>
  <testcase name="Encrypted password is returned by the public method" classname="com.im.test.PasswordEncrypterServiceSpec" time="0.182"/>
  <system-out><![CDATA[]]></system-out>
  <system-err><![CDATA[]]></system-err>
</testsuite>
